2020-10-18 11:06:18,569 - Shuake.py[line:269] - INFO: 运行
2020-10-18 11:06:19,744 - Shuake.py[line:151] - ERROR: 
Traceback (most recent call last):
  File "C:/Users/wangwen/Desktop/chaoxing_auto_sign-latest/com/main/Shuake.py", line 148, in get_videos_infoList
    videosInfo["defaults"]=VideosInfo["defaults"]
TypeError: list indices must be integers or slices, not str
2020-10-18 11:06:19,746 - Shuake.py[line:152] - INFO: 15829380839	获取视频信息失败
2020-10-18 11:06:19,746 - Shuake.py[line:221] - ERROR: 
Traceback (most recent call last):
  File "C:/Users/wangwen/Desktop/chaoxing_auto_sign-latest/com/main/Shuake.py", line 174, in shuake
    for videoinfo in videosinfoList:
TypeError: 'bool' object is not iterable
2020-10-18 11:06:19,747 - Shuake.py[line:222] - INFO: 15829380839	刷课意外
2020-10-18 11:09:43,058 - Shuake.py[line:269] - INFO: 运行
2020-10-18 11:10:55,691 - Shuake.py[line:151] - ERROR: 
Traceback (most recent call last):
  File "C:/Users/wangwen/Desktop/chaoxing_auto_sign-latest/com/main/Shuake.py", line 148, in get_pages_infoList
    pagesInfo["defaults"]=VideosInfo["defaults"]
TypeError: list indices must be integers or slices, not str
2020-10-18 11:10:56,177 - Shuake.py[line:152] - INFO: 15829380839	获取视频信息失败
2020-10-18 11:20:28,866 - Shuake.py[line:269] - INFO: 运行
2020-10-18 11:20:30,554 - Shuake.py[line:241] - ERROR: 
Traceback (most recent call last):
  File "C:/Users/wangwen/Desktop/chaoxing_auto_sign-latest/com/main/Shuake.py", line 236, in get_chapter_info
    soup = BeautifulSoup(response.text, "lxml")
  File "D:\Anaconda3\envs\DeepLearning\lib\site-packages\bs4\__init__.py", line 246, in __init__
    % ",".join(features))
bs4.FeatureNotFound: Couldn't find a tree builder with the features you requested: lxml. Do you need to install a parser library?
2020-10-18 11:20:30,562 - Shuake.py[line:242] - INFO: 15829380839	获取分数信息失败
2020-10-18 11:20:30,823 - Shuake.py[line:241] - ERROR: 
Traceback (most recent call last):
  File "C:/Users/wangwen/Desktop/chaoxing_auto_sign-latest/com/main/Shuake.py", line 236, in get_chapter_info
    soup = BeautifulSoup(response.text, "lxml")
  File "D:\Anaconda3\envs\DeepLearning\lib\site-packages\bs4\__init__.py", line 246, in __init__
    % ",".join(features))
bs4.FeatureNotFound: Couldn't find a tree builder with the features you requested: lxml. Do you need to install a parser library?
2020-10-18 11:20:30,823 - Shuake.py[line:242] - INFO: 15829380839	获取分数信息失败
2020-10-18 11:20:31,083 - Shuake.py[line:241] - ERROR: 
Traceback (most recent call last):
  File "C:/Users/wangwen/Desktop/chaoxing_auto_sign-latest/com/main/Shuake.py", line 236, in get_chapter_info
    soup = BeautifulSoup(response.text, "lxml")
  File "D:\Anaconda3\envs\DeepLearning\lib\site-packages\bs4\__init__.py", line 246, in __init__
    % ",".join(features))
bs4.FeatureNotFound: Couldn't find a tree builder with the features you requested: lxml. Do you need to install a parser library?
2020-10-18 11:20:31,084 - Shuake.py[line:242] - INFO: 15829380839	获取分数信息失败
2020-10-18 11:20:31,229 - Shuake.py[line:241] - ERROR: 
Traceback (most recent call last):
  File "C:/Users/wangwen/Desktop/chaoxing_auto_sign-latest/com/main/Shuake.py", line 236, in get_chapter_info
    soup = BeautifulSoup(response.text, "lxml")
  File "D:\Anaconda3\envs\DeepLearning\lib\site-packages\bs4\__init__.py", line 246, in __init__
    % ",".join(features))
bs4.FeatureNotFound: Couldn't find a tree builder with the features you requested: lxml. Do you need to install a parser library?
2020-10-18 11:20:31,229 - Shuake.py[line:242] - INFO: 15829380839	获取分数信息失败
2020-10-18 11:20:31,473 - Shuake.py[line:241] - ERROR: 
Traceback (most recent call last):
  File "C:/Users/wangwen/Desktop/chaoxing_auto_sign-latest/com/main/Shuake.py", line 236, in get_chapter_info
    soup = BeautifulSoup(response.text, "lxml")
  File "D:\Anaconda3\envs\DeepLearning\lib\site-packages\bs4\__init__.py", line 246, in __init__
    % ",".join(features))
bs4.FeatureNotFound: Couldn't find a tree builder with the features you requested: lxml. Do you need to install a parser library?
2020-10-18 11:20:31,473 - Shuake.py[line:242] - INFO: 15829380839	获取分数信息失败
2020-10-18 11:20:31,611 - Shuake.py[line:241] - ERROR: 
Traceback (most recent call last):
  File "C:/Users/wangwen/Desktop/chaoxing_auto_sign-latest/com/main/Shuake.py", line 236, in get_chapter_info
    soup = BeautifulSoup(response.text, "lxml")
  File "D:\Anaconda3\envs\DeepLearning\lib\site-packages\bs4\__init__.py", line 246, in __init__
    % ",".join(features))
bs4.FeatureNotFound: Couldn't find a tree builder with the features you requested: lxml. Do you need to install a parser library?
2020-10-18 11:20:31,612 - Shuake.py[line:242] - INFO: 15829380839	获取分数信息失败
2020-10-18 11:20:31,757 - Shuake.py[line:241] - ERROR: 
Traceback (most recent call last):
  File "C:/Users/wangwen/Desktop/chaoxing_auto_sign-latest/com/main/Shuake.py", line 236, in get_chapter_info
    soup = BeautifulSoup(response.text, "lxml")
  File "D:\Anaconda3\envs\DeepLearning\lib\site-packages\bs4\__init__.py", line 246, in __init__
    % ",".join(features))
bs4.FeatureNotFound: Couldn't find a tree builder with the features you requested: lxml. Do you need to install a parser library?
2020-10-18 11:20:31,757 - Shuake.py[line:242] - INFO: 15829380839	获取分数信息失败
2020-10-18 11:20:31,956 - Shuake.py[line:241] - ERROR: 
Traceback (most recent call last):
  File "C:/Users/wangwen/Desktop/chaoxing_auto_sign-latest/com/main/Shuake.py", line 236, in get_chapter_info
    soup = BeautifulSoup(response.text, "lxml")
  File "D:\Anaconda3\envs\DeepLearning\lib\site-packages\bs4\__init__.py", line 246, in __init__
    % ",".join(features))
bs4.FeatureNotFound: Couldn't find a tree builder with the features you requested: lxml. Do you need to install a parser library?
2020-10-18 11:20:31,956 - Shuake.py[line:242] - INFO: 15829380839	获取分数信息失败
2020-10-18 11:20:32,141 - Shuake.py[line:241] - ERROR: 
Traceback (most recent call last):
  File "C:/Users/wangwen/Desktop/chaoxing_auto_sign-latest/com/main/Shuake.py", line 236, in get_chapter_info
    soup = BeautifulSoup(response.text, "lxml")
  File "D:\Anaconda3\envs\DeepLearning\lib\site-packages\bs4\__init__.py", line 246, in __init__
    % ",".join(features))
bs4.FeatureNotFound: Couldn't find a tree builder with the features you requested: lxml. Do you need to install a parser library?
2020-10-18 11:20:32,141 - Shuake.py[line:242] - INFO: 15829380839	获取分数信息失败
2020-10-18 11:20:32,397 - Shuake.py[line:241] - ERROR: 
Traceback (most recent call last):
  File "C:/Users/wangwen/Desktop/chaoxing_auto_sign-latest/com/main/Shuake.py", line 236, in get_chapter_info
    soup = BeautifulSoup(response.text, "lxml")
  File "D:\Anaconda3\envs\DeepLearning\lib\site-packages\bs4\__init__.py", line 246, in __init__
    % ",".join(features))
bs4.FeatureNotFound: Couldn't find a tree builder with the features you requested: lxml. Do you need to install a parser library?
2020-10-18 11:20:32,397 - Shuake.py[line:242] - INFO: 15829380839	获取分数信息失败
2020-10-18 11:20:32,837 - Shuake.py[line:241] - ERROR: 
Traceback (most recent call last):
  File "C:/Users/wangwen/Desktop/chaoxing_auto_sign-latest/com/main/Shuake.py", line 236, in get_chapter_info
    soup = BeautifulSoup(response.text, "lxml")
  File "D:\Anaconda3\envs\DeepLearning\lib\site-packages\bs4\__init__.py", line 246, in __init__
    % ",".join(features))
bs4.FeatureNotFound: Couldn't find a tree builder with the features you requested: lxml. Do you need to install a parser library?
2020-10-18 11:20:32,837 - Shuake.py[line:242] - INFO: 15829380839	获取分数信息失败
2020-10-18 11:20:33,108 - Shuake.py[line:241] - ERROR: 
Traceback (most recent call last):
  File "C:/Users/wangwen/Desktop/chaoxing_auto_sign-latest/com/main/Shuake.py", line 236, in get_chapter_info
    soup = BeautifulSoup(response.text, "lxml")
  File "D:\Anaconda3\envs\DeepLearning\lib\site-packages\bs4\__init__.py", line 246, in __init__
    % ",".join(features))
bs4.FeatureNotFound: Couldn't find a tree builder with the features you requested: lxml. Do you need to install a parser library?
2020-10-18 11:20:33,108 - Shuake.py[line:242] - INFO: 15829380839	获取分数信息失败
2020-10-18 11:20:33,353 - Shuake.py[line:241] - ERROR: 
Traceback (most recent call last):
  File "C:/Users/wangwen/Desktop/chaoxing_auto_sign-latest/com/main/Shuake.py", line 236, in get_chapter_info
    soup = BeautifulSoup(response.text, "lxml")
  File "D:\Anaconda3\envs\DeepLearning\lib\site-packages\bs4\__init__.py", line 246, in __init__
    % ",".join(features))
bs4.FeatureNotFound: Couldn't find a tree builder with the features you requested: lxml. Do you need to install a parser library?
2020-10-18 11:20:33,354 - Shuake.py[line:242] - INFO: 15829380839	获取分数信息失败
2020-10-18 11:20:33,496 - Shuake.py[line:241] - ERROR: 
Traceback (most recent call last):
  File "C:/Users/wangwen/Desktop/chaoxing_auto_sign-latest/com/main/Shuake.py", line 236, in get_chapter_info
    soup = BeautifulSoup(response.text, "lxml")
  File "D:\Anaconda3\envs\DeepLearning\lib\site-packages\bs4\__init__.py", line 246, in __init__
    % ",".join(features))
bs4.FeatureNotFound: Couldn't find a tree builder with the features you requested: lxml. Do you need to install a parser library?
2020-10-18 11:20:33,496 - Shuake.py[line:242] - INFO: 15829380839	获取分数信息失败
2020-10-18 11:22:51,952 - Shuake.py[line:269] - INFO: 运行
2020-10-18 11:23:42,726 - Shuake.py[line:270] - INFO: 运行
2020-10-18 11:24:57,276 - Shuake.py[line:271] - INFO: 运行
2020-10-18 11:47:41,101 - Shuake.py[line:282] - INFO: 运行
2020-10-18 11:47:51,989 - Shuake.py[line:254] - ERROR: 
Traceback (most recent call last):
  File "C:/Users/wangwen/Desktop/chaoxing_auto_sign-latest/com/main/Shuake.py", line 243, in get_chapter_info
    chapter_dict["url"]=chapter["attr"]
  File "D:\Anaconda3\envs\DeepLearning\lib\site-packages\bs4\element.py", line 1406, in __getitem__
    return self.attrs[key]
KeyError: 'attr'
2020-10-18 11:47:51,999 - Shuake.py[line:255] - INFO: 15829380839	获取分数信息失败
2020-10-18 11:48:38,549 - Shuake.py[line:282] - INFO: 运行
2020-10-18 11:51:07,284 - Shuake.py[line:282] - INFO: 运行
2020-10-18 11:51:43,525 - Shuake.py[line:254] - ERROR: 
Traceback (most recent call last):
  File "C:/Users/wangwen/Desktop/chaoxing_auto_sign-latest/com/main/Shuake.py", line 246, in get_chapter_info
    chapter_dict["name"]=chapter["name"]
  File "D:\Anaconda3\envs\DeepLearning\lib\site-packages\bs4\element.py", line 1406, in __getitem__
    return self.attrs[key]
KeyError: 'name'
2020-10-18 11:53:57,420 - Shuake.py[line:285] - INFO: 运行
2020-10-18 11:56:12,718 - Shuake.py[line:285] - INFO: 运行
2020-10-18 12:00:11,605 - Shuake.py[line:281] - INFO: 运行
2020-10-18 12:32:26,739 - Shuake.py[line:287] - INFO: 运行
2020-10-18 13:07:36,060 - Shuake.py[line:304] - INFO: 运行
2020-10-18 13:57:51,298 - Shuake.py[line:327] - INFO: 运行
2020-10-18 13:57:52,569 - Shuake.py[line:247] - ERROR: 
Traceback (most recent call last):
  File "C:/Users/wangwen/Desktop/chaoxing_auto_sign-latest/com/main/Shuake.py", line 222, in shuake
    get_read_time(pageInfo,cardInfo,reportInfo)
NameError: name 'get_read_time' is not defined
2020-10-18 13:57:52,569 - Shuake.py[line:248] - INFO: 15829380839	刷课意外
2020-10-18 13:58:17,765 - Shuake.py[line:327] - INFO: 运行
2020-10-18 14:20:17,558 - Shuake.py[line:330] - INFO: 运行
2020-10-18 14:27:20,295 - Shuake.py[line:333] - INFO: 运行
2020-10-18 14:29:56,613 - Shuake.py[line:333] - INFO: 运行
2020-10-18 14:35:54,477 - Shuake.py[line:333] - INFO: 运行
2020-10-18 14:37:01,028 - Shuake.py[line:333] - INFO: 运行
2020-10-18 14:48:31,715 - Shuake.py[line:353] - INFO: 运行
2020-10-18 14:48:53,317 - Shuake.py[line:265] - ERROR: 
Traceback (most recent call last):
  File "C:/Users/wangwen/Desktop/chaoxing_auto_sign-latest/com/main/Shuake.py", line 203, in shuake
    pageInfo["name"],cardInfo["property"]["title"], end="")
KeyError: 'title'
2020-10-18 14:48:53,317 - Shuake.py[line:266] - INFO: 17561925661	刷课意外
2020-10-18 14:50:51,364 - Shuake.py[line:353] - INFO: 运行
2020-10-18 14:52:28,714 - Shuake.py[line:353] - INFO: 运行
2020-10-18 15:04:24,255 - Shuake.py[line:354] - INFO: 运行
2020-10-18 15:20:03,390 - Shuake.py[line:356] - INFO: 运行
2020-10-18 15:20:31,171 - Shuake.py[line:356] - INFO: 运行
2020-10-18 15:21:22,466 - Shuake.py[line:356] - INFO: 运行
2020-10-18 16:08:05,948 - Shuake.py[line:358] - INFO: 运行
2020-10-18 16:08:57,049 - Shuake.py[line:358] - INFO: 运行
2020-10-18 16:29:35,377 - Shuake.py[line:358] - INFO: 运行
