2020-10-16 10:28:47,211 - Shuake.py[line:117] - INFO: 运行
2020-10-16 10:28:47,623 - Shuake.py[line:78] - ERROR: 
Traceback (most recent call last):
  File "C:/Users/wangwen/Desktop/chaoxing_auto_sign-latest/com/main/Shuake.py", line 74, in get_clazzList
    self.clazzList=response.json()["channelList"]
  File "D:\Anaconda3\envs\DeepLearning\lib\site-packages\requests\models.py", line 898, in json
    return complexjson.loads(self.text, **kwargs)
  File "D:\Anaconda3\envs\DeepLearning\lib\json\__init__.py", line 348, in loads
    return _default_decoder.decode(s)
  File "D:\Anaconda3\envs\DeepLearning\lib\json\decoder.py", line 337, in decode
    obj, end = self.raw_decode(s, idx=_w(s, 0).end())
  File "D:\Anaconda3\envs\DeepLearning\lib\json\decoder.py", line 355, in raw_decode
    raise JSONDecodeError("Expecting value", s, err.value) from None
json.decoder.JSONDecodeError: Expecting value: line 1 column 1 (char 0)
2020-10-16 10:28:47,664 - Shuake.py[line:79] - INFO: 18845142702	获取班级列表失败
2020-10-16 10:29:32,441 - Shuake.py[line:117] - INFO: 运行
2020-10-16 10:31:39,420 - Shuake.py[line:117] - INFO: 运行
2020-10-16 11:06:00,725 - Shuake.py[line:143] - INFO: 运行
2020-10-16 11:24:48,462 - Shuake.py[line:147] - INFO: 运行
2020-10-16 11:37:28,990 - Shuake.py[line:153] - INFO: 运行
2020-10-16 11:37:29,444 - Shuake.py[line:112] - ERROR: 
Traceback (most recent call last):
  File "C:/Users/wangwen/Desktop/chaoxing_auto_sign-latest/com/main/Shuake.py", line 108, in get_VideoList
    VideoList=response.json()
  File "D:\Anaconda3\envs\DeepLearning\lib\site-packages\requests\models.py", line 898, in json
    return complexjson.loads(self.text, **kwargs)
  File "D:\Anaconda3\envs\DeepLearning\lib\json\__init__.py", line 348, in loads
    return _default_decoder.decode(s)
  File "D:\Anaconda3\envs\DeepLearning\lib\json\decoder.py", line 337, in decode
    obj, end = self.raw_decode(s, idx=_w(s, 0).end())
  File "D:\Anaconda3\envs\DeepLearning\lib\json\decoder.py", line 355, in raw_decode
    raise JSONDecodeError("Expecting value", s, err.value) from None
json.decoder.JSONDecodeError: Expecting value: line 1 column 1 (char 0)
2020-10-16 11:37:29,445 - Shuake.py[line:113] - INFO: 18845142702	获取视频列表失败
2020-10-16 11:37:29,478 - Shuake.py[line:112] - ERROR: 
Traceback (most recent call last):
  File "C:/Users/wangwen/Desktop/chaoxing_auto_sign-latest/com/main/Shuake.py", line 108, in get_VideoList
    VideoList=response.json()
  File "D:\Anaconda3\envs\DeepLearning\lib\site-packages\requests\models.py", line 898, in json
    return complexjson.loads(self.text, **kwargs)
  File "D:\Anaconda3\envs\DeepLearning\lib\json\__init__.py", line 348, in loads
    return _default_decoder.decode(s)
  File "D:\Anaconda3\envs\DeepLearning\lib\json\decoder.py", line 337, in decode
    obj, end = self.raw_decode(s, idx=_w(s, 0).end())
  File "D:\Anaconda3\envs\DeepLearning\lib\json\decoder.py", line 355, in raw_decode
    raise JSONDecodeError("Expecting value", s, err.value) from None
json.decoder.JSONDecodeError: Expecting value: line 1 column 1 (char 0)
2020-10-16 11:37:29,478 - Shuake.py[line:113] - INFO: 18845142702	获取视频列表失败
2020-10-16 11:37:29,510 - Shuake.py[line:112] - ERROR: 
Traceback (most recent call last):
  File "C:/Users/wangwen/Desktop/chaoxing_auto_sign-latest/com/main/Shuake.py", line 108, in get_VideoList
    VideoList=response.json()
  File "D:\Anaconda3\envs\DeepLearning\lib\site-packages\requests\models.py", line 898, in json
    return complexjson.loads(self.text, **kwargs)
  File "D:\Anaconda3\envs\DeepLearning\lib\json\__init__.py", line 348, in loads
    return _default_decoder.decode(s)
  File "D:\Anaconda3\envs\DeepLearning\lib\json\decoder.py", line 337, in decode
    obj, end = self.raw_decode(s, idx=_w(s, 0).end())
  File "D:\Anaconda3\envs\DeepLearning\lib\json\decoder.py", line 355, in raw_decode
    raise JSONDecodeError("Expecting value", s, err.value) from None
json.decoder.JSONDecodeError: Expecting value: line 1 column 1 (char 0)
2020-10-16 11:37:29,510 - Shuake.py[line:113] - INFO: 18845142702	获取视频列表失败
2020-10-16 11:37:29,541 - Shuake.py[line:112] - ERROR: 
Traceback (most recent call last):
  File "C:/Users/wangwen/Desktop/chaoxing_auto_sign-latest/com/main/Shuake.py", line 108, in get_VideoList
    VideoList=response.json()
  File "D:\Anaconda3\envs\DeepLearning\lib\site-packages\requests\models.py", line 898, in json
    return complexjson.loads(self.text, **kwargs)
  File "D:\Anaconda3\envs\DeepLearning\lib\json\__init__.py", line 348, in loads
    return _default_decoder.decode(s)
  File "D:\Anaconda3\envs\DeepLearning\lib\json\decoder.py", line 337, in decode
    obj, end = self.raw_decode(s, idx=_w(s, 0).end())
  File "D:\Anaconda3\envs\DeepLearning\lib\json\decoder.py", line 355, in raw_decode
    raise JSONDecodeError("Expecting value", s, err.value) from None
json.decoder.JSONDecodeError: Expecting value: line 1 column 1 (char 0)
2020-10-16 11:37:29,541 - Shuake.py[line:113] - INFO: 18845142702	获取视频列表失败
2020-10-16 11:37:29,574 - Shuake.py[line:112] - ERROR: 
Traceback (most recent call last):
  File "C:/Users/wangwen/Desktop/chaoxing_auto_sign-latest/com/main/Shuake.py", line 108, in get_VideoList
    VideoList=response.json()
  File "D:\Anaconda3\envs\DeepLearning\lib\site-packages\requests\models.py", line 898, in json
    return complexjson.loads(self.text, **kwargs)
  File "D:\Anaconda3\envs\DeepLearning\lib\json\__init__.py", line 348, in loads
    return _default_decoder.decode(s)
  File "D:\Anaconda3\envs\DeepLearning\lib\json\decoder.py", line 337, in decode
    obj, end = self.raw_decode(s, idx=_w(s, 0).end())
  File "D:\Anaconda3\envs\DeepLearning\lib\json\decoder.py", line 355, in raw_decode
    raise JSONDecodeError("Expecting value", s, err.value) from None
json.decoder.JSONDecodeError: Expecting value: line 1 column 1 (char 0)
2020-10-16 11:37:29,574 - Shuake.py[line:113] - INFO: 18845142702	获取视频列表失败
2020-10-16 11:37:29,605 - Shuake.py[line:112] - ERROR: 
Traceback (most recent call last):
  File "C:/Users/wangwen/Desktop/chaoxing_auto_sign-latest/com/main/Shuake.py", line 108, in get_VideoList
    VideoList=response.json()
  File "D:\Anaconda3\envs\DeepLearning\lib\site-packages\requests\models.py", line 898, in json
    return complexjson.loads(self.text, **kwargs)
  File "D:\Anaconda3\envs\DeepLearning\lib\json\__init__.py", line 348, in loads
    return _default_decoder.decode(s)
  File "D:\Anaconda3\envs\DeepLearning\lib\json\decoder.py", line 337, in decode
    obj, end = self.raw_decode(s, idx=_w(s, 0).end())
  File "D:\Anaconda3\envs\DeepLearning\lib\json\decoder.py", line 355, in raw_decode
    raise JSONDecodeError("Expecting value", s, err.value) from None
json.decoder.JSONDecodeError: Expecting value: line 1 column 1 (char 0)
2020-10-16 11:37:29,605 - Shuake.py[line:113] - INFO: 18845142702	获取视频列表失败
2020-10-16 11:37:29,637 - Shuake.py[line:112] - ERROR: 
Traceback (most recent call last):
  File "C:/Users/wangwen/Desktop/chaoxing_auto_sign-latest/com/main/Shuake.py", line 108, in get_VideoList
    VideoList=response.json()
  File "D:\Anaconda3\envs\DeepLearning\lib\site-packages\requests\models.py", line 898, in json
    return complexjson.loads(self.text, **kwargs)
  File "D:\Anaconda3\envs\DeepLearning\lib\json\__init__.py", line 348, in loads
    return _default_decoder.decode(s)
  File "D:\Anaconda3\envs\DeepLearning\lib\json\decoder.py", line 337, in decode
    obj, end = self.raw_decode(s, idx=_w(s, 0).end())
  File "D:\Anaconda3\envs\DeepLearning\lib\json\decoder.py", line 355, in raw_decode
    raise JSONDecodeError("Expecting value", s, err.value) from None
json.decoder.JSONDecodeError: Expecting value: line 1 column 1 (char 0)
2020-10-16 11:37:29,637 - Shuake.py[line:113] - INFO: 18845142702	获取视频列表失败
2020-10-16 11:38:52,243 - Shuake.py[line:153] - INFO: 运行
2020-10-16 12:49:08,508 - Shuake.py[line:153] - INFO: 运行
2020-10-16 13:36:52,677 - Shuake.py[line:174] - INFO: 运行
2020-10-16 13:39:13,874 - Shuake.py[line:174] - INFO: 运行
2020-10-16 13:49:22,983 - Shuake.py[line:178] - INFO: 运行
2020-10-16 13:49:23,444 - Shuake.py[line:202] - ERROR: 
Traceback (most recent call last):
  File "C:/Users/wangwen/Desktop/chaoxing_auto_sign-latest/com/main/Shuake.py", line 197, in <module>
    shuake.init_VideoList()
TypeError: init_VideoList() missing 2 required positional arguments: 'couseid' and 'jnodeid'
2020-10-16 13:49:41,185 - Shuake.py[line:178] - INFO: 运行
2020-10-16 20:56:25,756 - Shuake.py[line:178] - INFO: 运行
2020-10-16 20:58:27,734 - Shuake.py[line:188] - INFO: 运行
2020-10-16 20:59:08,458 - Shuake.py[line:188] - INFO: 运行
2020-10-16 21:01:17,975 - Shuake.py[line:188] - INFO: 运行
2020-10-16 21:01:19,175 - Shuake.py[line:148] - ERROR: 
Traceback (most recent call last):
  File "C:/Users/wangwen/Desktop/chaoxing_auto_sign-latest/com/main/Shuake.py", line 145, in get_video_info
    VideoInfo = response.text()
TypeError: 'str' object is not callable
2020-10-16 21:01:19,176 - Shuake.py[line:149] - INFO: 18845142702	获取视频信息失败
2020-10-16 21:01:37,246 - Shuake.py[line:188] - INFO: 运行
2020-10-16 21:02:05,910 - Shuake.py[line:188] - INFO: 运行
2020-10-16 21:07:31,690 - Shuake.py[line:188] - INFO: 运行
2020-10-16 21:07:32,870 - Shuake.py[line:148] - ERROR: 
Traceback (most recent call last):
  File "C:/Users/wangwen/Desktop/chaoxing_auto_sign-latest/com/main/Shuake.py", line 145, in get_video_info
    VideoInfo = re.search(r"window.AttachmentSetting =(.*?)\n,", response).group(1)
AttributeError: 'NoneType' object has no attribute 'group'
2020-10-16 21:07:32,870 - Shuake.py[line:149] - INFO: 18845142702	获取视频信息失败
2020-10-16 21:08:05,684 - Shuake.py[line:188] - INFO: 运行
2020-10-16 21:08:45,649 - Shuake.py[line:188] - INFO: 运行
2020-10-16 21:08:47,075 - Shuake.py[line:148] - ERROR: 
Traceback (most recent call last):
  File "C:/Users/wangwen/Desktop/chaoxing_auto_sign-latest/com/main/Shuake.py", line 145, in get_video_info
    VideoInfo = eval(re.search(r"window.AttachmentSetting =(.*?)\n", response).group(1))
  File "<string>", line 1
    {"attachments":[{"headOffset":484000,"jobid":"159460687507038","otherInfo":"nodeId_340728584-cpi_139079653","isPassed":true,"property":{"switchwindow":"true","hsize":"291.48 MB","module":"insertvideo","mid":"8991880092411594606872337","type":".mp4","v_begin":6,"jobid":"159460687507038","size":305635833,"fastforward":"true","retract":"false","name":"辛亥革命.mp4","v_end":484,"doublespeed":1,"objectid":"1b38929039457bf7289a658155ba1301","_jobid":"159460687507038","pobjectid":"b957782d6ed2f722ba295bcfe6af37ad"},"mid":"8991880092411594606872337","playTime":484000,"type":"video","aid":587867840,"objectId":"1b38929039457bf7289a658155ba1301"},{"jobid":"read-201755792","otherInfo":"nodeId_340728584-cpi_139079653","jtoken":"4a62e097f8246ba77e3c3cfed7c39d33","property":{"coverurl":"http://p.ananas.chaoxing.com/star3/193_114c/53135ab6b2de746b6d3a4c624bb60cc4.jpg","jobid":"read-201755792","read":true,"author":"方可编著","module":"insertreadV2","mid":"14760920163171594371439844","id":"201755792","title":"铁血共和：图说辛亥革命","_jobid":"read-201755792"},"mid":"14760920163171594371439844","enc":"5b524a47bce5af1a66613aff0e9527b3","job":true,"type":"read","aid":587867841},{"jobid":"1594606972392126","otherInfo":"nodeId_340728584-cpi_139079653","property":{"switchwindow":"true","hsize":"353.19 MB","module":"insertvideo","mid":"3880171444371594606972208","type":".mp4","v_begin":6,"jobid":"1594606972392126","size":370351420,"fastforward":"true","retract":"false","name":"五四运动.mp4","v_end":335,"doublespeed":1,"objectid":"b9cc81236a8ccdd71bb1d5ab97025fd4","_jobid":"1594606972392126","pobjectid":"3883421861ee3e307c20342f7a7daa4c"},"mid":"3880171444371594606972208","job":true,"type":"video","aid":587867842,"objectId":"b9cc81236a8ccdd71bb1d5ab97025fd4"},{"jobid":"read-204066276","otherInfo":"nodeId_340728584-cpi_139079653","jtoken":"b0b8006b2dcba47d26c6e60d98d55da0","property":{"coverurl":"http://p.ananas.chaoxing.com/star3/origin/7c34674bf5a8aa9df7e3584c03955822.jpg","jobid":"read-204066276","read":true,"author":"公共文化服务","module":"insertreadV2","mid":"3922367545411594366438543","id":"204066276","title":"五四运动","_jobid":"read-204066276"},"mid":"3922367545411594366438543","enc":"75d98a08f5b91570f819a40de0ec667b","job":true,"type":"read","aid":587867843},{"jobid":"1594607086614191","otherInfo":"nodeId_340728584-cpi_139079653","property":{"switchwindow":"true","hsize":"376.97 MB","module":"insertvideo","mid":"14108081003121594607086432","type":".mp4","v_begin":6,"jobid":"1594607086614191","size":395276931,"fastforward":"true","retract":"false","name":"新文化运动.mp4","v_end":422,"doublespeed":1,"objectid":"bc858b8f73d94d6052b13ac614325b27","_jobid":"1594607086614191","pobjectid":"3dd0bd98fc02789a0d19f4aff72befd4"},"mid":"14108081003121594607086432","job":true,"type":"video","aid":587867844,"objectId":"bc858b8f73d94d6052b13ac614325b27"},{"jobid":"read-201665885","otherInfo":"nodeId_340728584-cpi_139079653","jtoken":"c7bd5ac2bad9bea6096ed3a4a2bd1f27","property":{"coverurl":"http://p.ananas.chaoxing.com/star3/origin/53a36ab073832849cff26c6fffa9852a.jpg","jobid":"read-201665885","read":true,"author":"秦川编","module":"insertreadV2","mid":"5327617311941594366443831","id":"201665885","title":"五四新文化运动先驱者：李大钊","_jobid":"read-201665885"},"mid":"5327617311941594366443831","enc":"f000411f090dcc6d292d1b7a0600c4b3","job":true,"type":"read","aid":587867845},{"jobid":"read-201864658","otherInfo":"nodeId_340728584-cpi_139079653","jtoken":"19c060b7857923058ce3021733893dfa","property":{"coverurl":"http://p.ananas.chaoxing.com/star3/origin/93096a6b4fc06089113d1f121f7c0e2d.jpg","jobid":"read-201864658","read":true,"author":"侯建明","module":"insertreadV2","mid":"1027432701511594366448215","id":"201864658","title":"中国早期马克思主义研究","_jobid":"read-201864658"},"mid":"1027432701511594366448215","enc":"3a27a59f130d3e0b75db74ed10b0b713","job":true,"type":"read","aid":587867846},{"jobid":"1594607206815493","otherInfo":"nodeId_340728584-cpi_139079653","property":{"switchwindow":"true","hsize":"251.93 MB","module":"insertvideo","mid":"10083598106681594607206600","type":".mp4","v_begin":6,"jobid":"1594607206815493","size":264168748,"fastforward":"true","retract":"false","name":"开天辟地：中国共产党的成立.mp4","v_end":344,"doublespeed":1,"objectid":"f40a5f5b3a98128becc92d7a50d331df","_jobid":"1594607206815493","pobjectid":"1c7e2dc6a513149503ae8a54aaf39555"},"mid":"10083598106681594607206600","job":true,"type":"video","aid":587867847,"objectId":"f40a5f5b3a98128becc92d7a50d331df"},{"jobid":"read-201357953","otherInfo":"nodeId_340728584-cpi_139079653","jtoken":"d8eed4bfceef6a7410f224898e7766c3","property":{"coverurl":"http://p.ananas.chaoxing.com/star3/258_153c/5585ceb4bcf4e50a8c2547a906049497.jpg?rw=300&rh=200","jobid":"read-201357953","read":true,"author":"党员学习","module":"insertreadV2","mid":"10883188956291594454861717","id":"201357953","title":"中国共产党第一次全国代表大会","_jobid":"read-201357953"},"mid":"10883188956291594454861717","enc":"0a843b4751a92aa5568822839d13cc68","job":true,"type":"read","aid":587867848},{"jobid":"read-209986212","otherInfo":"nodeId_340728584-cpi_139079653","jtoken":"c51c4f10226087beb55451068dfeddd9","property":{"coverurl":"https://p.ananas.chaoxing.com/star3/origin/93f8830ab4e365fa9a370985d0293cfc.jpg","jobid":"read-209986212","read":true,"author":"超星思政实践教学","module":"insertreadV2","mid":"15372228214341594366458999","id":"209986212","title":"中共一大会址","_jobid":"read-209986212"},"mid":"15372228214341594366458999","enc":"da7a09fff154124d37433bf5ac044b1b","job":true,"type":"read","aid":587867849},{"jobid":"read-200022184","otherInfo":"nodeId_340728584-cpi_139079653","jtoken":"23b07492b699a6b9d5a4bcc081c7f4fc","property":{"coverurl":"http://p.ananas.chaoxing.com/star3/258_153c/e03e5e9ee8cd53347fc7891dd46665a3.jpg","jobid":"read-200022184","read":true,"author":"中共上海市委党史研究室","module":"insertreadV2","mid":"12971672798211594365628710","id":"200022184","title":"中国共产党创立之路","_jobid":"read-200022184"},"mid":"12971672798211594365628710","enc":"c2f761325b97607b7b0951ba4d1009a8","job":true,"type":"read","aid":587867850},{"jobid":"read-201358920","otherInfo":"nodeId_340728584-cpi_139079653","jtoken":"b5eaa6a61da0e212732905a504a9f5cd","property":{"coverurl":"https://p.ananas.chaoxing.com/star3/258_153c/74f51992cf6b3f738470d101d0c9bebc.jpg?rw=300&rh=534","jobid":"read-201358920","read":true,"author":"党员学习","module":"insertreadV2","mid":"12968802320661594454892070","id":"201358920","title":"中国共产党第二次全国代表大会","_jobid":"read-201358920"},"mid":"12968802320661594454892070","enc":"74f679669d4fab4c48646b591a951a42","job":true,"type":"read","aid":587867851},{"jobid":"1594607248621325","otherInfo":"nodeId_340728584-cpi_139079653","property":{"switchwindow":"true","hsize":"219.05 MB","module":"insertvideo","mid":"7601914723731594607248432","type":".mp4","v_begin":6,"jobid":"1594607248621325","size":229685604,"fastforward":"true","retract":"false","name":"京汉铁路大罢工.mp4","v_end":422,"doublespeed":1,"objectid":"08e515c3457f95005b1c96d3dba11f31","_jobid":"1594607248621325","pobjectid":"5536ef25eaf2c84960abbb02fb242e25"},"mid":"7601914723731594607248432","job":true,"type":"video","aid":587867852,"objectId":"08e515c3457f95005b1c96d3dba11f31"},{"jobid":"read-100110170","otherInfo":"nodeId_340728584-cpi_139079653","jtoken":"0d3aa2afe99cb26156ea6550510fada3","property":{"coverurl":"http://p.ananas.chaoxing.com/star3/193_114c/038aa5a1af94686b10c9695c1b611e56.jpg","jobid":"read-100110170","read":true,"author":"张海鹏","module":"insertreadV2","mid":"12985500324371594366467415","id":"100110170","title":"第七卷 国共合作与国民革命（1924-1927）","_jobid":"read-100110170"},"mid":"12985500324371594366467415","enc":"aa8b2fe5d99bfbb7aa60ac67b3774f1c","job":true,"type":"read","aid":587867853},{"jobid":"1594607293143391","otherInfo":"nodeId_340728584-cpi_139079653","property":{"switchwindow":"true","hsize":"437.57 MB","module":"insertvideo","mid":"8349428249171594607292930","type":".mp4","v_begin":6,"jobid":"1594607293143391","size":458830231,"fastforward":"true","retract":"false","name":"将帅的摇篮：黄埔军校.mp4","v_end":345,"doublespeed":1,"objectid":"e545107997c67926130b571a630c0268","_jobid":"1594607293143391","pobjectid":"5f30def6670196008134014df04df9e8"},"mid":"8349428249171594607292930","job":true,"type":"video","aid":587867854,"objectId":"e545107997c67926130b571a630c0268"},{"jobid":"read-83980204","otherInfo":"nodeId_340728584-cpi_139079653","jtoken":"23dc0b2b9c90b305e401a19bc52d334c","property":{"coverurl":"http://p.ananas.chaoxing.com/star3/258_153c/56677426498ed8a4294c3088.jpg","jobid":"read-83980204","read":true,"author":"中共党史出版社","module":"insertreadV2","mid":"5997676399741594366462974","id":"83980204","title":"国共早期军事人才的摇篮——黄埔军校","_jobid":"read-83980204"},"mid":"5997676399741594366462974","enc":"e44c0dbe0a2c74c27902636ea378e5ad","job":true,"type":"read","aid":587867855},{"jobid":"1594607402142846","otherInfo":"nodeId_340728584-cpi_139079653","property":{"switchwindow":"true","hsize":"188.16 MB","module":"insertvideo","mid":"9787202931911594607401971","type":".mp4","v_begin":6,"jobid":"1594607402142846","size":197295612,"fastforward":"true","retract":"false","name":"北伐战争.mp4","v_end":539,"doublespeed":1,"objectid":"a58e891de40e69680800164f8a8681c0","_jobid":"1594607402142846","pobjectid":"3e84337e96088becb0e62138872f4b87"},"mid":"9787202931911594607401971","job":true,"type":"video","aid":587867856,"objectId":"a58e891de40e69680800164f8a8681c0"},{"jobid":"159460744410487","otherInfo":"nodeId_340728584-cpi_139079653","property":{"switchwindow":"true","hsize":"537.43 MB","module":"insertvideo","mid":"6213361008601594607443906","type":".mp4","v_begin":6,"jobid":"159460744410487","size":563533509,"fastforward":"true","retract":"false","name":"血雨腥风：大革命的失败.mp4","v_end":288,"doublespeed":1,"objectid":"cad8a45a364a0ee2f709903f8b1954a3","_jobid":"159460744410487","pobjectid":"a04f6fd7725950164438bd71188b25f1"},"mid":"6213361008601594607443906","job":true,"type":"video","aid":587867857,"objectId":"cad8a45a364a0ee2f709903f8b1954a3"}],"defaults":{"fid":"123845","ktoken":"337b54e7b0080b15a3c161bb4c48c212","mtEnc":"b2db6cf34bb48c3014951d68cd99d2ce","isFiled":0,"ignoreVideoCtrl":0,"reportUrl":"https://mooc1-api.chaoxing.com/multimedia/log/a/139079653","chapterCapture":0,"userid":"34876789","reportTimeInterval":60,"initdataUrl":"https://mooc1-api.chaoxing.com/richvideo/initdatawithviewer","knowledgeid":340728584,"qnenc":"e9687466eaee74f07c53e17aadbb5bc4","defenc":"554558869791f58264ebe7ab8b2a29f4","clazzId":33359344,"cardid":303579370,"imageUrl":"https://p.ananas.chaoxing.com/star3/origin/a19935e8cc68c381deaa83fb9dafd1cd.jpg","lastmodifytime":1602328989000,"state":0,"courseid":215091538,"cpi":139079653,"subtitleUrl":"https://mooc1-api.chaoxing.com/richvideo/subtitle"},"control":true};
                                                                                                                                                                                                                                                                                                                                                                                                                                                                                                                                                                                                                                                                                                                                                                                                                                                                                                                                                                                                                                                                                                                                                                                                                                                                                                                                                                                                                                                                                                                                                                                                                                                                                                                                                                                                                                                                                                                                                                                                                                                                                                                                                                                                                                                                                                                                                                                                                                                                                                                                                                                                                                                                                                                                                                                                                                                                                                                                                                                                                                                                                                                                                                                                                                                                                                                                                                                                                                                                                                                                                                                                                                                                                                                                                                                                                                                                                                                                                                                                                                                                                                                                                                                                                                                                                                                                                                                                                                                                                                                                                                                                                                                                                                                                                                                                                                                                                                                                                                                                                                                                                                                                                                                                                                                                                                                                                                                                                                                                                                                                                                                                                                                                                                                                                                                                                                                                                                                                                                                                                                                                                                                                                                                                                                                                                                                                                                                                                                                                                                                                                                                                                                                                                                                                                                                                                                                                                                                                                                                                                                                                                                                                                                                                                                                                                                                                                                                                                                                                                                                                                                                                                                                                                                                                                                                                                                                                                                                                                                                                                                                                                                                                                                                                                                                                                                                                                                                                                                                                                                                                                                                                                                                                                                                                                                                                                                                                                                                                                                                                                                                                                                                                                                                                                                                                                                                                                                                                                                                                                                                                                                                                                                                                                                                                                                                                                                                                                                                                                                                                                                                                                                                                                                                                                                                                                                                                                                                                                                                                                                                                                                                                                                                                                                                                                                                                                                                                                                                                                                                                                                                                                                                                                              ^
SyntaxError: unexpected EOF while parsing
2020-10-16 21:08:47,084 - Shuake.py[line:149] - INFO: 18845142702	获取视频信息失败
2020-10-16 21:09:05,539 - Shuake.py[line:188] - INFO: 运行
2020-10-16 21:09:06,653 - Shuake.py[line:148] - ERROR: 
Traceback (most recent call last):
  File "C:/Users/wangwen/Desktop/chaoxing_auto_sign-latest/com/main/Shuake.py", line 145, in get_video_info
    VideoInfo = json.loads(re.search(r"window.AttachmentSetting =(.*?)\n", response).group(1))
  File "D:\Anaconda3\envs\DeepLearning\lib\json\__init__.py", line 348, in loads
    return _default_decoder.decode(s)
  File "D:\Anaconda3\envs\DeepLearning\lib\json\decoder.py", line 340, in decode
    raise JSONDecodeError("Extra data", s, end)
json.decoder.JSONDecodeError: Extra data: line 1 column 10715 (char 10714)
2020-10-16 21:09:06,654 - Shuake.py[line:149] - INFO: 18845142702	获取视频信息失败
2020-10-16 21:09:25,498 - Shuake.py[line:188] - INFO: 运行
2020-10-16 21:20:09,490 - Shuake.py[line:188] - INFO: 运行
2020-10-16 21:20:49,108 - Shuake.py[line:189] - INFO: 运行
2020-10-16 21:44:55,689 - Shuake.py[line:193] - INFO: 运行
2020-10-16 21:44:56,139 - Shuake.py[line:218] - ERROR: 
Traceback (most recent call last):
  File "C:/Users/wangwen/Desktop/chaoxing_auto_sign-latest/com/main/Shuake.py", line 212, in <module>
    shuake.init_VideoList()
AttributeError: 'Shuake' object has no attribute 'init_VideoList'
2020-10-16 21:45:12,317 - Shuake.py[line:193] - INFO: 运行
2020-10-16 22:06:06,112 - Shuake.py[line:202] - INFO: 运行
2020-10-16 22:28:51,182 - Shuake.py[line:211] - INFO: 运行
2020-10-16 22:28:52,317 - Shuake.py[line:201] - ERROR: 
Traceback (most recent call last):
  File "C:/Users/wangwen/Desktop/chaoxing_auto_sign-latest/com/main/Shuake.py", line 180, in shuake
    '0_' + videoinfo2['duration'])
TypeError: can only concatenate str (not "int") to str
2020-10-16 22:28:52,318 - Shuake.py[line:202] - INFO: 18845142702	刷课意外
2020-10-16 22:29:32,380 - Shuake.py[line:211] - INFO: 运行
2020-10-16 22:29:33,620 - Shuake.py[line:201] - ERROR: 
Traceback (most recent call last):
  File "C:/Users/wangwen/Desktop/chaoxing_auto_sign-latest/com/main/Shuake.py", line 187, in shuake
    ('clipTime', '0_' + videoinfo2['duration']),
TypeError: can only concatenate str (not "int") to str
2020-10-16 22:29:33,620 - Shuake.py[line:202] - INFO: 18845142702	刷课意外
2020-10-16 22:29:53,173 - Shuake.py[line:211] - INFO: 运行
2020-10-16 22:29:55,303 - Shuake.py[line:201] - ERROR: 
Traceback (most recent call last):
  File "C:/Users/wangwen/Desktop/chaoxing_auto_sign-latest/com/main/Shuake.py", line 199, in shuake
    print(response.json())
  File "D:\Anaconda3\envs\DeepLearning\lib\site-packages\requests\models.py", line 898, in json
    return complexjson.loads(self.text, **kwargs)
  File "D:\Anaconda3\envs\DeepLearning\lib\json\__init__.py", line 348, in loads
    return _default_decoder.decode(s)
  File "D:\Anaconda3\envs\DeepLearning\lib\json\decoder.py", line 337, in decode
    obj, end = self.raw_decode(s, idx=_w(s, 0).end())
  File "D:\Anaconda3\envs\DeepLearning\lib\json\decoder.py", line 355, in raw_decode
    raise JSONDecodeError("Expecting value", s, err.value) from None
json.decoder.JSONDecodeError: Expecting value: line 1 column 1 (char 0)
2020-10-16 22:29:55,305 - Shuake.py[line:202] - INFO: 18845142702	刷课意外
2020-10-16 22:30:19,773 - Shuake.py[line:211] - INFO: 运行
2020-10-16 22:43:11,699 - Shuake.py[line:211] - INFO: 运行
